<?xml version="1.0" encoding="UTF-8"?>
<testng-results skipped="0" failed="0" total="1" passed="1">
  <reporter-output>
  </reporter-output>
  <suite name="Suite" duration-ms="19390" started-at="2019-11-09T23:15:32Z" finished-at="2019-11-09T23:15:51Z">
    <groups>
    </groups>
    <test name="TestNG_Formulario" duration-ms="19390" started-at="2019-11-09T23:15:32Z" finished-at="2019-11-09T23:15:51Z">
      <class name="Test.TestFormulario">
        <test-method status="PASS" signature="setUp()[pri:0, instance:Test.TestFormulario@1610302]" name="setUp" is-config="true" duration-ms="6373" started-at="2019-11-09T18:15:32Z" finished-at="2019-11-09T18:15:39Z">
          <reporter-output>
          </reporter-output>
        </test-method> <!-- setUp -->
        <test-method status="PASS" signature="RegistrarFormulario(java.lang.String, java.lang.String, java.lang.String, java.lang.String, java.lang.String, java.lang.String, java.lang.String)[pri:0, instance:Test.TestFormulario@1610302]" name="RegistrarFormulario" duration-ms="10675" started-at="2019-11-09T18:15:40Z" data-provider="getTestData" finished-at="2019-11-09T18:15:51Z">
          <params>
            <param index="0">
              <value>
                <![CDATA[Henry Parejas]]>
              </value>
            </param>
            <param index="1">
              <value>
                <![CDATA[henparejas@gmail.com]]>
              </value>
            </param>
            <param index="2">
              <value>
                <![CDATA[27-May-2019]]>
              </value>
            </param>
            <param index="3">
              <value>
                <![CDATA[Hombre]]>
              </value>
            </param>
            <param index="4">
              <value>
                <![CDATA[Cine]]>
              </value>
            </param>
            <param index="5">
              <value>
                <![CDATA[Lince]]>
              </value>
            </param>
            <param index="6">
              <value>
                <![CDATA[Registro de Prueba 2]]>
              </value>
            </param>
          </params>
          <reporter-output>
          </reporter-output>
        </test-method> <!-- RegistrarFormulario -->
        <test-method status="PASS" signature="tearDown()[pri:0, instance:Test.TestFormulario@1610302]" name="tearDown" is-config="true" duration-ms="0" started-at="2019-11-09T18:15:51Z" finished-at="2019-11-09T18:15:51Z">
          <reporter-output>
          </reporter-output>
        </test-method> <!-- tearDown -->
      </class> <!-- Test.TestFormulario -->
    </test> <!-- TestNG_Formulario -->
  </suite> <!-- Suite -->
</testng-results>
